d:\baidunetdiskworkspace\2021\c语言代码\ef2bp\ef2bp\debug\vc142.pdb
d:\baidunetdiskworkspace\2021\c语言代码\ef2bp\ef2bp\debug\vc142.idb
d:\baidunetdiskworkspace\2021\c语言代码\ef2bp\ef2bp\debug\newarraymodel.obj
d:\baidunetdiskworkspace\2021\c语言代码\ef2bp\ef2bp\debug\ef2bp_sim.obj
d:\baidunetdiskworkspace\2021\c语言代码\ef2bp\ef2bp\debug\ef2bp.obj
d:\baidunetdiskworkspace\2021\c语言代码\ef2bp\ef2bp\debug\inputfe.obj
d:\baidunetdiskworkspace\2021\c语言代码\ef2bp\ef2bp\debug\ef2bp.pdb
d:\baidunetdiskworkspace\2021\c语言代码\ef2bp\ef2bp\debug\ef2bp.tlog\cl.command.1.tlog
d:\baidunetdiskworkspace\2021\c语言代码\ef2bp\ef2bp\debug\ef2bp.tlog\cl.read.1.tlog
d:\baidunetdiskworkspace\2021\c语言代码\ef2bp\ef2bp\debug\ef2bp.tlog\cl.write.1.tlog
d:\baidunetdiskworkspace\2021\c语言代码\ef2bp\ef2bp\debug\ef2bp.tlog\link-cvtres.read.1.tlog
d:\baidunetdiskworkspace\2021\c语言代码\ef2bp\ef2bp\debug\ef2bp.tlog\link-cvtres.write.1.tlog
d:\baidunetdiskworkspace\2021\c语言代码\ef2bp\ef2bp\debug\ef2bp.tlog\link-rc.read.1.tlog
d:\baidunetdiskworkspace\2021\c语言代码\ef2bp\ef2bp\debug\ef2bp.tlog\link-rc.write.1.tlog
d:\baidunetdiskworkspace\2021\c语言代码\ef2bp\ef2bp\debug\ef2bp.tlog\link.17348-cvtres.read.1.tlog
d:\baidunetdiskworkspace\2021\c语言代码\ef2bp\ef2bp\debug\ef2bp.tlog\link.17348-cvtres.write.1.tlog
d:\baidunetdiskworkspace\2021\c语言代码\ef2bp\ef2bp\debug\ef2bp.tlog\link.17348-rc.read.1.tlog
d:\baidunetdiskworkspace\2021\c语言代码\ef2bp\ef2bp\debug\ef2bp.tlog\link.17348-rc.write.1.tlog
d:\baidunetdiskworkspace\2021\c语言代码\ef2bp\ef2bp\debug\ef2bp.tlog\link.17348.read.1.tlog
d:\baidunetdiskworkspace\2021\c语言代码\ef2bp\ef2bp\debug\ef2bp.tlog\link.17348.write.1.tlog
d:\baidunetdiskworkspace\2021\c语言代码\ef2bp\ef2bp\debug\ef2bp.tlog\link.command.1.tlog
d:\baidunetdiskworkspace\2021\c语言代码\ef2bp\ef2bp\debug\ef2bp.tlog\link.read.1.tlog
d:\baidunetdiskworkspace\2021\c语言代码\ef2bp\ef2bp\debug\ef2bp.tlog\link.write.1.tlog
